<?xml version="1.0" encoding="UTF-8"?>
<testng-results ignored="0" total="7" passed="7" failed="0" skipped="0">
  <reporter-output>
  </reporter-output>
  <suite started-at="2023-04-17T15:51:26 ICT" name="Signin" finished-at="2023-04-17T15:51:34 ICT" duration-ms="8528">
    <groups>
    </groups>
    <test started-at="2023-04-17T15:51:26 ICT" name="Signin" finished-at="2023-04-17T15:51:34 ICT" duration-ms="8528">
      <class name="com.poly.testcase.SignUpTest">
        <test-method is-config="true" signature="beforeTest()[pri:0, instance:com.poly.testcase.SignUpTest@65fb9ffc]" started-at="2023-04-17T15:51:26 ICT" name="beforeTest" finished-at="2023-04-17T15:51:26 ICT" duration-ms="12" status="PASS">
          <reporter-output>
          </reporter-output>
        </test-method> <!-- beforeTest -->
        <test-method is-config="true" signature="beforeClass()[pri:0, instance:com.poly.testcase.SignUpTest@65fb9ffc]" started-at="2023-04-17T15:51:26 ICT" name="beforeClass" finished-at="2023-04-17T15:51:28 ICT" duration-ms="2221" status="PASS">
          <reporter-output>
          </reporter-output>
        </test-method> <!-- beforeClass -->
        <test-method signature="signupWithEmptyField()[pri:0, instance:com.poly.testcase.SignUpTest@65fb9ffc]" started-at="2023-04-17T15:51:28 ICT" name="signupWithEmptyField" finished-at="2023-04-17T15:51:29 ICT" duration-ms="529" status="PASS">
          <reporter-output>
          </reporter-output>
        </test-method> <!-- signupWithEmptyField -->
        <test-method signature="signupWithEmptyUsername()[pri:1, instance:com.poly.testcase.SignUpTest@65fb9ffc]" started-at="2023-04-17T15:51:29 ICT" name="signupWithEmptyUsername" finished-at="2023-04-17T15:51:29 ICT" duration-ms="439" status="PASS">
          <reporter-output>
          </reporter-output>
        </test-method> <!-- signupWithEmptyUsername -->
        <test-method signature="signupWithEmptyPassword()[pri:2, instance:com.poly.testcase.SignUpTest@65fb9ffc]" started-at="2023-04-17T15:51:29 ICT" name="signupWithEmptyPassword" finished-at="2023-04-17T15:51:29 ICT" duration-ms="421" status="PASS">
          <reporter-output>
          </reporter-output>
        </test-method> <!-- signupWithEmptyPassword -->
        <test-method signature="signupWithEmptyConfirmPassword()[pri:3, instance:com.poly.testcase.SignUpTest@65fb9ffc]" started-at="2023-04-17T15:51:29 ICT" name="signupWithEmptyConfirmPassword" finished-at="2023-04-17T15:51:30 ICT" duration-ms="416" status="PASS">
          <reporter-output>
          </reporter-output>
        </test-method> <!-- signupWithEmptyConfirmPassword -->
        <test-method signature="signupWithEmptyConfirmPasswordNotSame()[pri:4, instance:com.poly.testcase.SignUpTest@65fb9ffc]" started-at="2023-04-17T15:51:30 ICT" name="signupWithEmptyConfirmPasswordNotSame" finished-at="2023-04-17T15:51:30 ICT" duration-ms="396" status="PASS">
          <reporter-output>
          </reporter-output>
        </test-method> <!-- signupWithEmptyConfirmPasswordNotSame -->
        <test-method signature="signupWithExistsUsername()[pri:5, instance:com.poly.testcase.SignUpTest@65fb9ffc]" started-at="2023-04-17T15:51:30 ICT" name="signupWithExistsUsername" finished-at="2023-04-17T15:51:33 ICT" duration-ms="2392" status="PASS">
          <reporter-output>
          </reporter-output>
        </test-method> <!-- signupWithExistsUsername -->
        <test-method signature="signupSuccess(java.lang.String,java.lang.String,java.lang.String)[pri:6, instance:com.poly.testcase.SignUpTest@65fb9ffc]" started-at="2023-04-17T15:51:33 ICT" name="signupSuccess" finished-at="2023-04-17T15:51:34 ICT" duration-ms="1435" status="PASS">
          <params>
            <param index="0">
              <value>
                <![CDATA[user12387478]]>
              </value>
            </param>
            <param index="1">
              <value>
                <![CDATA[11111]]>
              </value>
            </param>
            <param index="2">
              <value>
                <![CDATA[11111]]>
              </value>
            </param>
          </params>
          <reporter-output>
          </reporter-output>
        </test-method> <!-- signupSuccess -->
        <test-method is-config="true" signature="afterClass()[pri:0, instance:com.poly.testcase.SignUpTest@65fb9ffc]" started-at="2023-04-17T15:51:34 ICT" name="afterClass" finished-at="2023-04-17T15:51:34 ICT" duration-ms="1" status="PASS">
          <reporter-output>
          </reporter-output>
        </test-method> <!-- afterClass -->
        <test-method is-config="true" signature="afterTest()[pri:0, instance:com.poly.testcase.SignUpTest@65fb9ffc]" started-at="2023-04-17T15:51:34 ICT" name="afterTest" finished-at="2023-04-17T15:51:34 ICT" duration-ms="209" status="PASS">
          <reporter-output>
          </reporter-output>
        </test-method> <!-- afterTest -->
      </class> <!-- com.poly.testcase.SignUpTest -->
    </test> <!-- Signin -->
  </suite> <!-- Signin -->
</testng-results>
