<?xml version="1.0" encoding="UTF-8"?>
<!-- Generated by org.testng.reporters.JUnitXMLReporter -->
<testsuite ignored="0" hostname="Shizi" failures="0" tests="7" name="Signin" time="8.528" errors="0" timestamp="2023-04-17T15:51:34 ICT">
  <testcase classname="com.poly.testcase.SignUpTest" name="signupWithEmptyField" time="0.529"/>
  <testcase classname="com.poly.testcase.SignUpTest" name="signupWithEmptyUsername" time="0.439"/>
  <testcase classname="com.poly.testcase.SignUpTest" name="signupWithEmptyPassword" time="0.421"/>
  <testcase classname="com.poly.testcase.SignUpTest" name="signupWithEmptyConfirmPassword" time="0.416"/>
  <testcase classname="com.poly.testcase.SignUpTest" name="signupWithEmptyConfirmPasswordNotSame" time="0.396"/>
  <testcase classname="com.poly.testcase.SignUpTest" name="signupWithExistsUsername" time="2.392"/>
  <testcase classname="com.poly.testcase.SignUpTest" name="signupSuccess" time="1.435"/>
</testsuite> <!-- Signin -->
